0 info it worked if it ends with ok
1 verbose cli [ '/usr/bin/nodejs', '/usr/bin/npm', 'install', '-g', 'bower' ]
2 info using npm@2.14.12
3 info using node@v4.2.4
4 verbose install initial load of /usr/lib/package.json
5 verbose readDependencies loading dependencies from /usr/lib/package.json
6 silly cache add args [ 'bower', null ]
7 verbose cache add spec bower
8 silly cache add parsed spec Result {
8 silly cache add   raw: 'bower',
8 silly cache add   scope: null,
8 silly cache add   name: 'bower',
8 silly cache add   rawSpec: '',
8 silly cache add   spec: 'latest',
8 silly cache add   type: 'tag' }
9 silly addNamed bower@latest
10 verbose addNamed "latest" is being treated as a dist-tag for bower
11 info addNameTag [ 'bower', 'latest' ]
12 silly mapToRegistry name bower
13 silly mapToRegistry using default registry
14 silly mapToRegistry registry https://registry.npmjs.org/
15 silly mapToRegistry uri https://registry.npmjs.org/bower
16 verbose addNameTag registry:https://registry.npmjs.org/bower not in flight; fetching
17 verbose request uri https://registry.npmjs.org/bower
18 verbose request no auth needed
19 info attempt registry request try #1 at 03:14:17
20 verbose request id 305c996c46970a8f
21 verbose etag "7RBXY4HEXOHYOWHPYY96OXACP"
22 http request GET https://registry.npmjs.org/bower
23 http 200 https://registry.npmjs.org/bower
24 verbose headers { server: 'CouchDB/1.5.0 (Erlang OTP/R16B03)',
24 verbose headers   etag: '"6VF9CQEEH5IDF4OLDI83I7NCC"',
24 verbose headers   'content-type': 'application/json',
24 verbose headers   'cache-control': 'max-age=300',
24 verbose headers   'content-length': '165052',
24 verbose headers   'accept-ranges': 'bytes',
24 verbose headers   date: 'Sun, 10 Jan 2016 06:14:17 GMT',
24 verbose headers   via: '1.1 varnish',
24 verbose headers   age: '209',
24 verbose headers   connection: 'keep-alive',
24 verbose headers   'x-served-by': 'cache-atl6221-ATL',
24 verbose headers   'x-cache': 'HIT',
24 verbose headers   'x-cache-hits': '3',
24 verbose headers   'x-timer': 'S1452406457.735157,VS0,VE0',
24 verbose headers   vary: 'Accept' }
25 silly get cb [ 200,
25 silly get   { server: 'CouchDB/1.5.0 (Erlang OTP/R16B03)',
25 silly get     etag: '"6VF9CQEEH5IDF4OLDI83I7NCC"',
25 silly get     'content-type': 'application/json',
25 silly get     'cache-control': 'max-age=300',
25 silly get     'content-length': '165052',
25 silly get     'accept-ranges': 'bytes',
25 silly get     date: 'Sun, 10 Jan 2016 06:14:17 GMT',
25 silly get     via: '1.1 varnish',
25 silly get     age: '209',
25 silly get     connection: 'keep-alive',
25 silly get     'x-served-by': 'cache-atl6221-ATL',
25 silly get     'x-cache': 'HIT',
25 silly get     'x-cache-hits': '3',
25 silly get     'x-timer': 'S1452406457.735157,VS0,VE0',
25 silly get     vary: 'Accept' } ]
26 verbose get saving bower to /home/durval/.npm/registry.npmjs.org/bower/.cache.json
27 silly addNameTag next cb for bower with tag latest
28 silly addNamed bower@1.7.2
29 verbose addNamed "1.7.2" is a plain semver version for bower
30 silly mapToRegistry name bower
31 silly mapToRegistry using default registry
32 silly mapToRegistry registry https://registry.npmjs.org/
33 silly mapToRegistry uri https://registry.npmjs.org/bower
34 verbose addRemoteTarball https://registry.npmjs.org/bower/-/bower-1.7.2.tgz not in flight; adding
35 verbose addRemoteTarball [ 'https://registry.npmjs.org/bower/-/bower-1.7.2.tgz',
35 verbose addRemoteTarball   'b04228f9970f11777017e64ae39d71f9346c9575' ]
36 info retry fetch attempt 1 at 03:14:18
37 info attempt registry request try #1 at 03:14:18
38 http fetch GET https://registry.npmjs.org/bower/-/bower-1.7.2.tgz
39 http fetch 200 https://registry.npmjs.org/bower/-/bower-1.7.2.tgz
40 silly fetchAndShaCheck shasum b04228f9970f11777017e64ae39d71f9346c9575
41 verbose addTmpTarball /tmp/npm-5487-7e857183/registry.npmjs.org/bower/-/bower-1.7.2.tgz not in flight; adding
42 verbose addTmpTarball already have metadata; skipping unpack for bower@1.7.2
43 silly cache afterAdd bower@1.7.2
44 verbose afterAdd /home/durval/.npm/bower/1.7.2/package/package.json not in flight; writing
45 verbose afterAdd /home/durval/.npm/bower/1.7.2/package/package.json written
46 silly install resolved [ { name: 'bower',
46 silly install resolved     version: '1.7.2',
46 silly install resolved     description: 'The browser package manager',
46 silly install resolved     author: { name: 'Twitter' },
46 silly install resolved     license: 'MIT',
46 silly install resolved     repository: { type: 'git', url: 'git+https://github.com/bower/bower.git' },
46 silly install resolved     main: 'lib',
46 silly install resolved     homepage: 'http://bower.io',
46 silly install resolved     engines: { node: '>=0.10.0' },
46 silly install resolved     keywords: [ 'bower' ],
46 silly install resolved     dependencies:
46 silly install resolved      { abbrev: '^1.0.5',
46 silly install resolved        archy: '1.0.0',
46 silly install resolved        'bower-config': '^1.3.0',
46 silly install resolved        'bower-endpoint-parser': '^0.2.2',
46 silly install resolved        'bower-json': '^0.4.0',
46 silly install resolved        'bower-logger': '^0.2.2',
46 silly install resolved        'bower-registry-client': '^1.0.0',
46 silly install resolved        cardinal: '0.4.4',
46 silly install resolved        chalk: '^1.0.0',
46 silly install resolved        chmodr: '^1.0.2',
46 silly install resolved        configstore: '^0.3.2',
46 silly install resolved        'decompress-zip': '^0.1.0',
46 silly install resolved        destroy: '^1.0.3',
46 silly install resolved        'fs-write-stream-atomic': '1.0.5',
46 silly install resolved        fstream: '^1.0.3',
46 silly install resolved        'fstream-ignore': '^1.0.2',
46 silly install resolved        github: '^0.2.3',
46 silly install resolved        glob: '^4.3.2',
46 silly install resolved        'graceful-fs': '^3.0.5',
46 silly install resolved        handlebars: '^2.0.0',
46 silly install resolved        inquirer: '0.10.0',
46 silly install resolved        insight: '^0.7.0',
46 silly install resolved        'is-root': '^1.0.0',
46 silly install resolved        junk: '^1.0.0',
46 silly install resolved        lockfile: '^1.0.0',
46 silly install resolved        'lru-cache': '^2.5.0',
46 silly install resolved        'md5-hex': '^1.0.2',
46 silly install resolved        mkdirp: '0.5.0',
46 silly install resolved        mout: '^0.11.0',
46 silly install resolved        nopt: '^3.0.1',
46 silly install resolved        opn: '^1.0.1',
46 silly install resolved        'p-throttler': '0.1.1',
46 silly install resolved        promptly: '0.2.0',
46 silly install resolved        q: '^1.1.2',
46 silly install resolved        request: '2.53.0',
46 silly install resolved        'request-progress': '0.3.1',
46 silly install resolved        retry: '0.6.1',
46 silly install resolved        rimraf: '^2.2.8',
46 silly install resolved        semver: '^2.3.0',
46 silly install resolved        'semver-utils': '^1.1.1',
46 silly install resolved        'shell-quote': '^1.4.2',
46 silly install resolved        'stringify-object': '^1.0.0',
46 silly install resolved        'tar-fs': '^1.4.1',
46 silly install resolved        tmp: '0.0.24',
46 silly install resolved        'update-notifier': '^0.6.0',
46 silly install resolved        'user-home': '^1.1.0',
46 silly install resolved        which: '^1.0.8' },
46 silly install resolved     devDependencies:
46 silly install resolved      { chai: '^1.10.0',
46 silly install resolved        coveralls: '^2.11.2',
46 silly install resolved        'expect.js': '^0.3.1',
46 silly install resolved        grunt: '^0.4.5',
46 silly install resolved        'grunt-cli': '^0.1.13',
46 silly install resolved        'grunt-contrib-jshint': '^0.10.0',
46 silly install resolved        'grunt-contrib-watch': '^0.6.1',
46 silly install resolved        'grunt-exec': '^0.4.6',
46 silly install resolved        'grunt-jscs': '^2.3.0',
46 silly install resolved        'grunt-simple-mocha': '^0.4.0',
46 silly install resolved        istanbul: '^0.3.5',
46 silly install resolved        'load-grunt-tasks': '^2.0.0',
46 silly install resolved        mocha: '^2.1.0',
46 silly install resolved        multiline: '^1.0.2',
46 silly install resolved        nock: '^3.1.0',
46 silly install resolved        'node-uuid': '^1.4.2',
46 silly install resolved        proxyquire: '^1.3.0',
46 silly install resolved        'spawn-sync': '1.0.13' },
46 silly install resolved     scripts:
46 silly install resolved      { test: 'grunt test',
46 silly install resolved        ci: 'grunt travis',
46 silly install resolved        coveralls: 'coveralls' },
46 silly install resolved     bin: { bower: 'bin/bower' },
46 silly install resolved     files: [ 'bin', 'lib', 'templates' ],
46 silly install resolved     gitHead: 'a2f21e2703df020617bc35bbc2fb823c8a14b885',
46 silly install resolved     bugs: { url: 'https://github.com/bower/bower/issues' },
46 silly install resolved     bundleDependencies:
46 silly install resolved      [ 'abbrev',
46 silly install resolved        'archy',
46 silly install resolved        'bower-config',
46 silly install resolved        'bower-endpoint-parser',
46 silly install resolved        'bower-json',
46 silly install resolved        'bower-logger',
46 silly install resolved        'bower-registry-client',
46 silly install resolved        'cardinal',
46 silly install resolved        'chalk',
46 silly install resolved        'chmodr',
46 silly install resolved        'configstore',
46 silly install resolved        'decompress-zip',
46 silly install resolved        'destroy',
46 silly install resolved        'fs-write-stream-atomic',
46 silly install resolved        'fstream',
46 silly install resolved        'fstream-ignore',
46 silly install resolved        'github',
46 silly install resolved        'glob',
46 silly install resolved        'graceful-fs',
46 silly install resolved        'handlebars',
46 silly install resolved        'inquirer',
46 silly install resolved        'insight',
46 silly install resolved        'is-root',
46 silly install resolved        'junk',
46 silly install resolved        'lockfile',
46 silly install resolved        'lru-cache',
46 silly install resolved        'md5-hex',
46 silly install resolved        'mkdirp',
46 silly install resolved        'mout',
46 silly install resolved        'nopt',
46 silly install resolved        'opn',
46 silly install resolved        'p-throttler',
46 silly install resolved        'promptly',
46 silly install resolved        'q',
46 silly install resolved        'request',
46 silly install resolved        'request-progress',
46 silly install resolved        'retry',
46 silly install resolved        'rimraf',
46 silly install resolved        'semver',
46 silly install resolved        'shell-quote',
46 silly install resolved        'stringify-object',
46 silly install resolved        'tar-fs',
46 silly install resolved        'tmp',
46 silly install resolved        'update-notifier',
46 silly install resolved        'user-home',
46 silly install resolved        'which' ],
46 silly install resolved     _id: 'bower@1.7.2',
46 silly install resolved     _shasum: 'b04228f9970f11777017e64ae39d71f9346c9575',
46 silly install resolved     _from: 'bower@latest',
46 silly install resolved     _npmVersion: '2.14.15',
46 silly install resolved     _nodeVersion: '4.2.3',
46 silly install resolved     _npmUser: { name: 'vladikoff', email: 'vlad@vladikoff.com' },
46 silly install resolved     maintainers:
46 silly install resolved      [ [Object],
46 silly install resolved        [Object],
46 silly install resolved        [Object],
46 silly install resolved        [Object],
46 silly install resolved        [Object],
46 silly install resolved        [Object],
46 silly install resolved        [Object] ],
46 silly install resolved     dist:
46 silly install resolved      { shasum: 'b04228f9970f11777017e64ae39d71f9346c9575',
46 silly install resolved        tarball: 'http://registry.npmjs.org/bower/-/bower-1.7.2.tgz' },
46 silly install resolved     directories: {},
46 silly install resolved     _resolved: 'https://registry.npmjs.org/bower/-/bower-1.7.2.tgz' } ]
47 info install bower@1.7.2 into /usr/lib
48 info installOne bower@1.7.2
49 verbose installOne of bower to /usr/lib not in flight; installing
50 verbose lock using /home/durval/.npm/_locks/bower-f46d670cb56ecd4d.lock for /usr/lib/node_modules/bower
51 silly install write writing bower 1.7.2 to /usr/lib/node_modules/bower
52 verbose unbuild lib/node_modules/bower
53 info preuninstall bower@1.6.8
54 info uninstall bower@1.6.8
55 verbose unbuild rmStuff bower@1.6.8 from /usr/lib/node_modules
56 silly gentlyRm /usr/bin/bower is being gently removed
57 silly gentlyRm verifying /usr is an npm working directory
58 silly gentlyRm containing path /usr is under npm's control, in /usr
59 silly gentlyRm deletion target /usr/bin/bower is under /usr
60 verbose gentlyRm vacuuming from /usr/bin/bower up to /usr
61 silly vacuum-fs removing /usr/bin/bower
62 verbose unlock done using /home/durval/.npm/_locks/bower-f46d670cb56ecd4d.lock for /usr/lib/node_modules/bower
63 verbose stack Error: EACCES: permission denied, unlink '/usr/bin/bower'
63 verbose stack     at Error (native)
64 verbose cwd /home/durval/RainCife/RainCife
65 error Linux 3.19.0-42-generic
66 error argv "/usr/bin/nodejs" "/usr/bin/npm" "install" "-g" "bower"
67 error node v4.2.4
68 error npm  v2.14.12
69 error path /usr/bin/bower
70 error code EACCES
71 error errno -13
72 error syscall unlink
73 error Error: EACCES: permission denied, unlink '/usr/bin/bower'
73 error     at Error (native)
73 error  { [Error: EACCES: permission denied, unlink '/usr/bin/bower']
73 error   errno: -13,
73 error   code: 'EACCES',
73 error   syscall: 'unlink',
73 error   path: '/usr/bin/bower' }
74 error Please try running this command again as root/Administrator.
75 verbose exit [ -13, true ]
76 verbose unbuild lib/node_modules/bower
77 info preuninstall bower@1.6.8
78 info uninstall bower@1.6.8
79 verbose unbuild rmStuff bower@1.6.8 from /usr/lib/node_modules
80 silly gentlyRm /usr/bin/bower is being gently removed
81 silly gentlyRm verifying /usr is an npm working directory
82 silly gentlyRm containing path /usr is under npm's control, in /usr
83 silly gentlyRm deletion target /usr/bin/bower is under /usr
84 verbose gentlyRm vacuuming from /usr/bin/bower up to /usr
85 silly vacuum-fs removing /usr/bin/bower
86 error error rolling back Error: EACCES: permission denied, unlink '/usr/bin/bower'
86 error error rolling back     at Error (native)
86 error error rolling back  { [Error: EACCES: permission denied, unlink '/usr/bin/bower']
86 error error rolling back   errno: -13,
86 error error rolling back   code: 'EACCES',
86 error error rolling back   syscall: 'unlink',
86 error error rolling back   path: '/usr/bin/bower' }
